<?xml version="1.0" encoding="UTF-8"?>
<testng-results ignored="0" total="2" passed="2" failed="0" skipped="0">
  <reporter-output>
  </reporter-output>
  <suite started-at="2024-04-10T09:56:51 IST" name="Default suite" finished-at="2024-04-10T09:57:04 IST" duration-ms="12250">
    <groups>
    </groups>
    <test started-at="2024-04-10T09:56:51 IST" name="Default test" finished-at="2024-04-10T09:57:04 IST" duration-ms="12250">
      <class name="test.Omayotest001">
        <test-method is-config="true" signature="browserSetup()[pri:0, instance:test.Omayotest001@7c7a06ec]" started-at="2024-04-10T09:56:51 IST" name="browserSetup" finished-at="2024-04-10T09:56:54 IST" duration-ms="2874" status="PASS">
          <reporter-output>
          </reporter-output>
        </test-method> <!-- browserSetup -->
        <test-method signature="tc_001()[pri:0, instance:test.Omayotest001@7c7a06ec]" started-at="2024-04-10T09:56:54 IST" name="tc_001" finished-at="2024-04-10T09:56:58 IST" duration-ms="3318" status="PASS">
          <reporter-output>
          </reporter-output>
        </test-method> <!-- tc_001 -->
        <test-method signature="tc_002()[pri:0, instance:test.Omayotest001@7c7a06ec]" started-at="2024-04-10T09:56:58 IST" name="tc_002" finished-at="2024-04-10T09:57:03 IST" duration-ms="5154" status="PASS">
          <reporter-output>
          </reporter-output>
        </test-method> <!-- tc_002 -->
        <test-method is-config="true" signature="teardown()[pri:0, instance:test.Omayotest001@7c7a06ec]" started-at="2024-04-10T09:57:03 IST" name="teardown" finished-at="2024-04-10T09:57:04 IST" duration-ms="871" status="PASS">
          <reporter-output>
          </reporter-output>
        </test-method> <!-- teardown -->
      </class> <!-- test.Omayotest001 -->
    </test> <!-- Default test -->
  </suite> <!-- Default suite -->
</testng-results>
